{"/home/lucas/Documentos/programacao/angularvel/src/app/app.js": {"path":"/home/lucas/Documentos/programacao/angularvel/src/app/app.js","statementMap":{"0":{"start":{"line":1,"column":0},"end":{"line":9,"column":4}},"1":{"start":{"line":2,"column":2},"end":{"line":8,"column":4}}},"fnMap":{"0":{"name":"(anonymous_0)","decl":{"start":{"line":1,"column":1},"end":{"line":1,"column":2}},"loc":{"start":{"line":1,"column":7},"end":{"line":9,"column":1}},"line":1}},"branchMap":{},"s":{"0":1,"1":1},"f":{"0":1},"b":{},"_coverageSchema":"332fd63041d2c1bcb487cc26dd0d5f7d97098a6c","hash":"f7b7f80715b6c21d114e2bada16157de0b5f0d90"}
,"/home/lucas/Documentos/programacao/angularvel/src/app/config.js": {"path":"/home/lucas/Documentos/programacao/angularvel/src/app/config.js","statementMap":{"0":{"start":{"line":1,"column":0},"end":{"line":10,"column":4}},"1":{"start":{"line":2,"column":2},"end":{"line":9,"column":7}},"2":{"start":{"line":3,"column":30},"end":{"line":9,"column":5}}},"fnMap":{"0":{"name":"(anonymous_0)","decl":{"start":{"line":1,"column":1},"end":{"line":1,"column":2}},"loc":{"start":{"line":1,"column":7},"end":{"line":10,"column":1}},"line":1},"1":{"name":"(anonymous_1)","decl":{"start":{"line":3,"column":23},"end":{"line":3,"column":24}},"loc":{"start":{"line":3,"column":30},"end":{"line":9,"column":5}},"line":3}},"branchMap":{},"s":{"0":1,"1":1,"2":2},"f":{"0":1,"1":2},"b":{},"_coverageSchema":"332fd63041d2c1bcb487cc26dd0d5f7d97098a6c","hash":"856bc24ac2a8fb8020f49a6b4582bb9cf9b318d2"}
,"/home/lucas/Documentos/programacao/angularvel/src/app/services/marvel.service.js": {"path":"/home/lucas/Documentos/programacao/angularvel/src/app/services/marvel.service.js","statementMap":{"0":{"start":{"line":1,"column":0},"end":{"line":43,"column":4}},"1":{"start":{"line":2,"column":2},"end":{"line":42,"column":6}},"2":{"start":{"line":9,"column":8},"end":{"line":9,"column":124}},"3":{"start":{"line":17,"column":27},"end":{"line":17,"column":35}},"4":{"start":{"line":18,"column":8},"end":{"line":18,"column":121}},"5":{"start":{"line":26,"column":24},"end":{"line":30,"column":9}},"6":{"start":{"line":32,"column":8},"end":{"line":35,"column":12}},"7":{"start":{"line":33,"column":29},"end":{"line":33,"column":48}},"8":{"start":{"line":34,"column":12},"end":{"line":34,"column":22}},"9":{"start":{"line":38,"column":6},"end":{"line":41,"column":7}}},"fnMap":{"0":{"name":"(anonymous_0)","decl":{"start":{"line":1,"column":1},"end":{"line":1,"column":2}},"loc":{"start":{"line":1,"column":7},"end":{"line":43,"column":1}},"line":1},"1":{"name":"(anonymous_1)","decl":{"start":{"line":3,"column":30},"end":{"line":3,"column":31}},"loc":{"start":{"line":3,"column":53},"end":{"line":42,"column":5}},"line":3},"2":{"name":"getCharacters","decl":{"start":{"line":8,"column":15},"end":{"line":8,"column":28}},"loc":{"start":{"line":8,"column":32},"end":{"line":10,"column":7}},"line":8},"3":{"name":"getDetail","decl":{"start":{"line":16,"column":15},"end":{"line":16,"column":24}},"loc":{"start":{"line":16,"column":30},"end":{"line":19,"column":7}},"line":16},"4":{"name":"request","decl":{"start":{"line":25,"column":15},"end":{"line":25,"column":22}},"loc":{"start":{"line":25,"column":51},"end":{"line":36,"column":7}},"line":25},"5":{"name":"(anonymous_5)","decl":{"start":{"line":33,"column":16},"end":{"line":33,"column":17}},"loc":{"start":{"line":33,"column":27},"end":{"line":33,"column":50}},"line":33},"6":{"name":"(anonymous_6)","decl":{"start":{"line":33,"column":52},"end":{"line":33,"column":53}},"loc":{"start":{"line":33,"column":61},"end":{"line":35,"column":11}},"line":33}},"branchMap":{},"s":{"0":1,"1":1,"2":1,"3":1,"4":1,"5":2,"6":2,"7":0,"8":0,"9":2},"f":{"0":1,"1":2,"2":1,"3":1,"4":2,"5":0,"6":0},"b":{},"_coverageSchema":"332fd63041d2c1bcb487cc26dd0d5f7d97098a6c","hash":"eefdd9cbf838d1386d219b227b5e2e433df93291"}
}
