TN:
SF:/home/lucas/Documentos/programacao/angularvel/src/app/app.js
FN:1,(anonymous_0)
FNF:1
FNH:1
FNDA:1,(anonymous_0)
DA:1,1
DA:2,1
LF:2
LH:2
BRF:0
BRH:0
end_of_record
TN:
SF:/home/lucas/Documentos/programacao/angularvel/src/app/config.js
FN:1,(anonymous_0)
FN:3,(anonymous_1)
FNF:2
FNH:2
FNDA:1,(anonymous_0)
FNDA:2,(anonymous_1)
DA:1,1
DA:2,1
DA:3,2
LF:3
LH:3
BRF:0
BRH:0
end_of_record
TN:
SF:/home/lucas/Documentos/programacao/angularvel/src/app/services/marvel.service.js
FN:1,(anonymous_0)
FN:3,(anonymous_1)
FN:8,getCharacters
FN:16,getDetail
FN:25,request
FN:33,(anonymous_5)
FN:33,(anonymous_6)
FNF:7
FNH:4
FNDA:1,(anonymous_0)
FNDA:2,(anonymous_1)
FNDA:1,getCharacters
FNDA:0,getDetail
FNDA:1,request
FNDA:0,(anonymous_5)
FNDA:0,(anonymous_6)
DA:1,1
DA:2,1
DA:9,1
DA:17,0
DA:18,0
DA:26,1
DA:32,1
DA:33,0
DA:34,0
DA:38,2
LF:10
LH:6
BRF:0
BRH:0
end_of_record
